<?xml version="1.0" encoding="UTF-8"?>
<robot generator="Robot 4.1.3 (Python 3.7.2 on win32)" generated="20220201 21:58:09.212" rpa="false" schemaversion="2">
<suite id="s1" name="Test Case" source="C:\Users\beyza\Downloads\robotframework-selenium\test-cases\Test_Case.robot">
<test id="s1-t1" name="Search Google with &quot;Google Search&quot; button via Chrome">
<kw name="Open Url With Chrome" library="Browser_Keywords">
<arg>${QNB_URL}</arg>
<kw name="Open Url" library="Browser_Keywords">
<arg>Chrome</arg>
<arg>${url}</arg>
<kw name="Create Webdriver" library="SeleniumLibrary">
<arg>${browser}</arg>
<doc>Creates an instance of Selenium WebDriver.</doc>
<msg timestamp="20220201 21:58:09.458" level="INFO">Creating an instance of the Chrome WebDriver.</msg>
<status status="PASS" starttime="20220201 21:58:09.458" endtime="20220201 21:58:10.556"/>
</kw>
<kw name="Maximize Browser Window" library="SeleniumLibrary">
<doc>Maximizes current browser window.</doc>
<status status="PASS" starttime="20220201 21:58:10.556" endtime="20220201 21:58:10.681"/>
</kw>
<kw name="Go To" library="SeleniumLibrary">
<arg>${url}</arg>
<doc>Navigates the current browser window to the provided ``url``.</doc>
<msg timestamp="20220201 21:58:10.682" level="INFO">Opening url 'https://www.qnbfinansbank.com/'</msg>
<status status="PASS" starttime="20220201 21:58:10.681" endtime="20220201 21:58:11.744"/>
</kw>
<kw name="Wait For Condition" library="SeleniumLibrary">
<arg>return !!document.body</arg>
<doc>Waits until ``condition`` is true or ``timeout`` expires.</doc>
<status status="PASS" starttime="20220201 21:58:11.744" endtime="20220201 21:58:11.769"/>
</kw>
<status status="PASS" starttime="20220201 21:58:09.457" endtime="20220201 21:58:11.769"/>
</kw>
<status status="PASS" starttime="20220201 21:58:09.457" endtime="20220201 21:58:11.769"/>
</kw>
<kw name="Click Detayli Bilgi" library="Home_Page">
<arg>${DETAIL_INFO}</arg>
<kw name="Wait Until Element Is Visible" library="SeleniumLibrary">
<arg>${DETAIL_INFO}</arg>
<doc>Waits until the element ``locator`` is visible.</doc>
<status status="PASS" starttime="20220201 21:58:11.771" endtime="20220201 21:58:11.803"/>
</kw>
<kw name="Click Element" library="SeleniumLibrary">
<arg>${DETAIL_INFO}</arg>
<doc>Click the element identified by ``locator``.</doc>
<msg timestamp="20220201 21:58:11.804" level="INFO">Clicking element 'xpath://a[@c-link='DetailInfo']'.</msg>
<status status="PASS" starttime="20220201 21:58:11.804" endtime="20220201 21:58:13.587"/>
</kw>
<status status="PASS" starttime="20220201 21:58:11.770" endtime="20220201 21:58:13.587"/>
</kw>
<kw name="Input Kredi Tutari" library="Calculate_Finance">
<arg>${CALCULATE_BUTTON}</arg>
<arg>${AMOUNT}</arg>
<arg>${CREDITAMOUNT}</arg>
<kw name="Scroll Element Into View" library="SeleniumLibrary">
<arg>${CALCULATE_BUTTON}</arg>
<doc>Scrolls the element identified by ``locator`` into view.</doc>
<status status="PASS" starttime="20220201 21:58:13.589" endtime="20220201 21:58:13.884"/>
</kw>
<kw name="Wait Until Element Is Visible" library="SeleniumLibrary">
<arg>${CREDITAMOUNT}</arg>
<doc>Waits until the element ``locator`` is visible.</doc>
<status status="PASS" starttime="20220201 21:58:13.884" endtime="20220201 21:58:13.911"/>
</kw>
<kw name="Click Element" library="SeleniumLibrary">
<arg>${CREDITAMOUNT}</arg>
<doc>Click the element identified by ``locator``.</doc>
<msg timestamp="20220201 21:58:13.911" level="INFO">Clicking element 'xpath://input[@c-model='CreditAmount']'.</msg>
<status status="PASS" starttime="20220201 21:58:13.911" endtime="20220201 21:58:13.970"/>
</kw>
<kw name="Clear Element Text" library="SeleniumLibrary">
<arg>${CREDITAMOUNT}</arg>
<doc>Clears the value of the text-input-element identified by ``locator``.</doc>
<status status="PASS" starttime="20220201 21:58:13.970" endtime="20220201 21:58:14.005"/>
</kw>
<kw name="Wait Until Element Is Visible" library="SeleniumLibrary">
<arg>${CREDITAMOUNT}</arg>
<doc>Waits until the element ``locator`` is visible.</doc>
<status status="PASS" starttime="20220201 21:58:14.006" endtime="20220201 21:58:14.024"/>
</kw>
<kw name="Input Text" library="SeleniumLibrary">
<arg>${CREDITAMOUNT}</arg>
<arg>${AMOUNT}</arg>
<doc>Types the given ``text`` into the text field identified by ``locator``.</doc>
<msg timestamp="20220201 21:58:14.025" level="INFO">Typing text '50000' into text field 'xpath://input[@c-model='CreditAmount']'.</msg>
<status status="PASS" starttime="20220201 21:58:14.024" endtime="20220201 21:58:14.150"/>
</kw>
<status status="PASS" starttime="20220201 21:58:13.588" endtime="20220201 21:58:14.150"/>
</kw>
<kw name="Click Hesapla" library="Calculate_Finance">
<arg>${CALCULATE_BUTTON}</arg>
<kw name="Wait Until Element Is Visible" library="SeleniumLibrary">
<arg>${CALCULATE_BUTTON}</arg>
<doc>Waits until the element ``locator`` is visible.</doc>
<status status="PASS" starttime="20220201 21:58:14.151" endtime="20220201 21:58:14.170"/>
</kw>
<kw name="Click Element" library="SeleniumLibrary">
<arg>${CALCULATE_BUTTON}</arg>
<doc>Click the element identified by ``locator``.</doc>
<msg timestamp="20220201 21:58:14.170" level="INFO">Clicking element 'xpath://button[text()="Hesapla"]'.</msg>
<status status="PASS" starttime="20220201 21:58:14.170" endtime="20220201 21:58:14.224"/>
</kw>
<status status="PASS" starttime="20220201 21:58:14.151" endtime="20220201 21:58:14.225"/>
</kw>
<kw name="Click Odeme Planı" library="Calculate_Finance">
<arg>${PAYMENT_PLAN}</arg>
<kw name="Sleep" library="BuiltIn">
<arg>1</arg>
<doc>Pauses the test executed for the given time.</doc>
<msg timestamp="20220201 21:58:15.230" level="INFO">Slept 1 second</msg>
<status status="PASS" starttime="20220201 21:58:14.226" endtime="20220201 21:58:15.230"/>
</kw>
<kw name="Wait Until Element Is Enabled" library="SeleniumLibrary">
<arg>${PAYMENT_PLAN}</arg>
<doc>Waits until the element ``locator`` is enabled.</doc>
<status status="PASS" starttime="20220201 21:58:15.231" endtime="20220201 21:58:15.272"/>
</kw>
<kw name="Click Element" library="SeleniumLibrary">
<arg>${PAYMENT_PLAN}</arg>
<doc>Click the element identified by ``locator``.</doc>
<msg timestamp="20220201 21:58:15.272" level="INFO">Clicking element 'xpath:(//button[@type='button'])[3]'.</msg>
<status status="PASS" starttime="20220201 21:58:15.272" endtime="20220201 21:58:15.329"/>
</kw>
<status status="PASS" starttime="20220201 21:58:14.225" endtime="20220201 21:58:15.329"/>
</kw>
<kw name="Check Hesaplanan Tutar List" library="Calculate_Finance">
<arg>${TOTAL_AMOUNT}</arg>
<kw name="Wait Until Element Is Enabled" library="SeleniumLibrary">
<arg>${TOTAL_AMOUNT}</arg>
<doc>Waits until the element ``locator`` is enabled.</doc>
<status status="PASS" starttime="20220201 21:58:15.330" endtime="20220201 21:58:15.365"/>
</kw>
<kw name="Element Should Be Visible" library="SeleniumLibrary">
<arg>${TOTAL_AMOUNT}</arg>
<doc>Verifies that the element identified by ``locator`` is visible.</doc>
<msg timestamp="20220201 21:58:15.384" level="INFO">Element 'xpath://div[@class='calculated-result animated fadeIn']' is displayed.</msg>
<status status="PASS" starttime="20220201 21:58:15.365" endtime="20220201 21:58:15.384"/>
</kw>
<status status="PASS" starttime="20220201 21:58:15.329" endtime="20220201 21:58:15.384"/>
</kw>
<kw name="Click Hemen Basvur" library="Calculate_Finance">
<arg>${APPLY_CREDIT}</arg>
<kw name="Click Element" library="SeleniumLibrary">
<arg>${APPLY_CREDIT}</arg>
<doc>Click the element identified by ``locator``.</doc>
<msg timestamp="20220201 21:58:15.386" level="INFO">Clicking element 'xpath://a[@c-link='ApplyCredit']'.</msg>
<status status="PASS" starttime="20220201 21:58:15.385" endtime="20220201 21:58:15.853"/>
</kw>
<status status="PASS" starttime="20220201 21:58:15.385" endtime="20220201 21:58:15.853"/>
</kw>
<kw name="Basvuru Formu" library="QNBKeywords">
<arg>${TC}</arg>
<arg>${BIRTHDAY}</arg>
<arg>${PHONE_NUMBER}</arg>
<arg>${APPLICATION_FORM}</arg>
<arg>${TC_ELEMENT}</arg>
<arg>${BIRTHDAY_ELEMENT}</arg>
<arg>${PHONE_NUMBER_ELEMENT}</arg>
<arg>${KVKK}</arg>
<arg>${APPLICAON_TITLE}</arg>
<arg>${CLOSE_WİNDOW}</arg>
<arg>${PERSONAL_FINANCE_CREDIT}</arg>
<kw name="Wait Until Element Is Visible" library="SeleniumLibrary">
<arg>${APPLICATION_FORM}</arg>
<doc>Waits until the element ``locator`` is visible.</doc>
<status status="PASS" starttime="20220201 21:58:15.855" endtime="20220201 21:58:15.882"/>
</kw>
<kw name="Sleep" library="BuiltIn">
<arg>3</arg>
<doc>Pauses the test executed for the given time.</doc>
<msg timestamp="20220201 21:58:18.895" level="INFO">Slept 3 seconds</msg>
<status status="PASS" starttime="20220201 21:58:15.882" endtime="20220201 21:58:18.895"/>
</kw>
<kw name="Scroll Element Into View" library="SeleniumLibrary">
<arg>${TC_ELEMENT}</arg>
<doc>Scrolls the element identified by ``locator`` into view.</doc>
<status status="PASS" starttime="20220201 21:58:18.896" endtime="20220201 21:58:19.179"/>
</kw>
<kw name="Input Text" library="SeleniumLibrary">
<arg>${TC_ELEMENT}</arg>
<arg>${TC}</arg>
<doc>Types the given ``text`` into the text field identified by ``locator``.</doc>
<msg timestamp="20220201 21:58:19.181" level="INFO">Typing text '86214456680' into text field 'id:CitizenshipNumber'.</msg>
<status status="PASS" starttime="20220201 21:58:19.180" endtime="20220201 21:58:19.302"/>
</kw>
<kw name="Click Element" library="SeleniumLibrary">
<arg>${BIRTHDAY_ELEMENT}</arg>
<doc>Click the element identified by ``locator``.</doc>
<msg timestamp="20220201 21:58:19.302" level="INFO">Clicking element 'css:input#birthday'.</msg>
<status status="PASS" starttime="20220201 21:58:19.302" endtime="20220201 21:58:19.360"/>
</kw>
<kw name="Input Text" library="SeleniumLibrary">
<arg>${BIRTHDAY_ELEMENT}</arg>
<arg>${BIRTHDAY}</arg>
<doc>Types the given ``text`` into the text field identified by ``locator``.</doc>
<msg timestamp="20220201 21:58:19.361" level="INFO">Typing text '08/05/2000' into text field 'css:input#birthday'.</msg>
<status status="PASS" starttime="20220201 21:58:19.361" endtime="20220201 21:58:19.461"/>
</kw>
<kw name="Click Element" library="SeleniumLibrary">
<arg>${PHONE_NUMBER_ELEMENT}</arg>
<doc>Click the element identified by ``locator``.</doc>
<msg timestamp="20220201 21:58:19.461" level="INFO">Clicking element 'xpath://input[@id="MobilePhone"]'.</msg>
<status status="PASS" starttime="20220201 21:58:19.461" endtime="20220201 21:58:19.533"/>
</kw>
<kw name="Input Text" library="SeleniumLibrary">
<arg>${PHONE_NUMBER_ELEMENT}</arg>
<arg>${PHONE_NUMBER}</arg>
<doc>Types the given ``text`` into the text field identified by ``locator``.</doc>
<msg timestamp="20220201 21:58:19.534" level="INFO">Typing text '5394567890' into text field 'xpath://input[@id="MobilePhone"]'.</msg>
<status status="PASS" starttime="20220201 21:58:19.533" endtime="20220201 21:58:19.608"/>
</kw>
<kw name="Click Element" library="SeleniumLibrary">
<arg>${KVKK}</arg>
<doc>Click the element identified by ``locator``.</doc>
<msg timestamp="20220201 21:58:19.608" level="INFO">Clicking element 'xpath://label[@for='chkKvkk']'.</msg>
<status status="PASS" starttime="20220201 21:58:19.608" endtime="20220201 21:58:19.703"/>
</kw>
<kw name="Switch Window" library="SeleniumLibrary">
<arg>${APPLICAON_TITLE}</arg>
<doc>Switches to browser window matching ``locator``.</doc>
<status status="PASS" starttime="20220201 21:58:19.703" endtime="20220201 21:58:19.941"/>
</kw>
<kw name="Wait Until Element Is Visible" library="SeleniumLibrary">
<arg>${CLOSE_WİNDOW}</arg>
<doc>Waits until the element ``locator`` is visible.</doc>
<status status="PASS" starttime="20220201 21:58:19.941" endtime="20220201 21:58:19.961"/>
</kw>
<kw name="Click Element" library="SeleniumLibrary">
<arg>${CLOSE_WİNDOW}</arg>
<doc>Click the element identified by ``locator``.</doc>
<msg timestamp="20220201 21:58:19.962" level="INFO">Clicking element 'class:window-close'.</msg>
<status status="PASS" starttime="20220201 21:58:19.961" endtime="20220201 21:58:20.006"/>
</kw>
<kw name="Switch Window" library="SeleniumLibrary">
<arg>${PERSONAL_FINANCE_CREDIT}</arg>
<doc>Switches to browser window matching ``locator``.</doc>
<status status="PASS" starttime="20220201 21:58:20.006" endtime="20220201 21:58:20.049"/>
</kw>
<status status="PASS" starttime="20220201 21:58:15.854" endtime="20220201 21:58:20.049"/>
</kw>
<kw name="Click Kredi Basvur" library="QNBKeywords">
<arg>${PFC_SENT}</arg>
<kw name="Click Element" library="SeleniumLibrary">
<arg>${PFC_SENT}</arg>
<doc>Click the element identified by ``locator``.</doc>
<msg timestamp="20220201 21:58:20.050" level="INFO">Clicking element 'xpath://a[@id='ihtiyackredisend']'.</msg>
<status status="PASS" starttime="20220201 21:58:20.050" endtime="20220201 21:58:20.119"/>
</kw>
<status status="PASS" starttime="20220201 21:58:20.050" endtime="20220201 21:58:20.119"/>
</kw>
<kw name="Check Sms Screen" library="QNBKeywords">
<arg>${SMS_SCREEN_CHECK}</arg>
<kw name="Wait Until Element Is Visible" library="SeleniumLibrary">
<arg>${SMS_SCREEN_CHECK}</arg>
<doc>Waits until the element ``locator`` is visible.</doc>
<status status="PASS" starttime="20220201 21:58:20.121" endtime="20220201 21:58:24.164"/>
</kw>
<status status="PASS" starttime="20220201 21:58:20.120" endtime="20220201 21:58:24.164"/>
</kw>
<kw name="Close Browser" library="SeleniumLibrary" type="TEARDOWN">
<doc>Closes the current browser.</doc>
<status status="PASS" starttime="20220201 21:58:24.165" endtime="20220201 21:58:26.297"/>
</kw>
<status status="PASS" starttime="20220201 21:58:09.455" endtime="20220201 21:58:26.298"/>
</test>
<doc>Search Google</doc>
<status status="PASS" starttime="20220201 21:58:09.214" endtime="20220201 21:58:26.301"/>
</suite>
<statistics>
<total>
<stat pass="1" fail="0" skip="0">All Tests</stat>
</total>
<tag>
</tag>
<suite>
<stat pass="1" fail="0" skip="0" id="s1" name="Test Case">Test Case</stat>
</suite>
</statistics>
<errors>
</errors>
</robot>
